<?xml version="1.0" encoding="UTF-8"?>
<!-- Generated by org.testng.reporters.JUnitXMLReporter -->
<testsuite ignored="0" hostname="DESKTOP-1MISJCC" failures="0" tests="4" name="Default test" time="13.126" errors="0" timestamp="2024-01-15T12:54:32 IST">
  <testcase classname="api.test.UserTests" name="testpostUser" time="6.499"/>
  <testcase classname="api.test.UserTests" name="testgetUser" time="1.409"/>
  <testcase classname="api.test.UserTests" name="testupdateUser" time="3.16"/>
  <testcase classname="api.test.UserTests" name="testdeleteUser" time="1.386"/>
</testsuite> <!-- Default test -->
