<?xml version="1.0" encoding="UTF-8"?>
<testng-results ignored="0" total="4" passed="4" failed="0" skipped="0">
  <reporter-output>
  </reporter-output>
  <suite started-at="2024-01-23T15:38:54 IST" name="PetSuite" finished-at="2024-01-23T15:39:09 IST" duration-ms="14784">
    <groups>
    </groups>
    <test started-at="2024-01-23T15:38:54 IST" name="PetTest" finished-at="2024-01-23T15:39:09 IST" duration-ms="14784">
      <class name="api.test.UserTests2">
        <test-method is-config="true" signature="testData()[pri:0, instance:api.test.UserTests2@44c03695]" started-at="2024-01-23T15:38:54 IST" name="testData" finished-at="2024-01-23T15:38:56 IST" duration-ms="1970" status="PASS">
          <reporter-output>
          </reporter-output>
        </test-method> <!-- testData -->
        <test-method signature="testpostUser()[pri:1, instance:api.test.UserTests2@44c03695]" started-at="2024-01-23T15:38:56 IST" name="testpostUser" finished-at="2024-01-23T15:39:02 IST" duration-ms="6078" status="PASS">
          <reporter-output>
          </reporter-output>
        </test-method> <!-- testpostUser -->
        <test-method signature="testgetUser()[pri:2, instance:api.test.UserTests2@44c03695]" started-at="2024-01-23T15:39:02 IST" name="testgetUser" finished-at="2024-01-23T15:39:04 IST" duration-ms="1601" status="PASS">
          <reporter-output>
          </reporter-output>
        </test-method> <!-- testgetUser -->
        <test-method signature="testupdateUser()[pri:3, instance:api.test.UserTests2@44c03695]" started-at="2024-01-23T15:39:04 IST" name="testupdateUser" finished-at="2024-01-23T15:39:07 IST" duration-ms="2973" status="PASS">
          <reporter-output>
          </reporter-output>
        </test-method> <!-- testupdateUser -->
        <test-method signature="testdeleteUser()[pri:4, instance:api.test.UserTests2@44c03695]" started-at="2024-01-23T15:39:07 IST" name="testdeleteUser" finished-at="2024-01-23T15:39:09 IST" duration-ms="1551" status="PASS">
          <reporter-output>
          </reporter-output>
        </test-method> <!-- testdeleteUser -->
      </class> <!-- api.test.UserTests2 -->
    </test> <!-- PetTest -->
  </suite> <!-- PetSuite -->
</testng-results>
