<?xml version="1.0" encoding="UTF-8"?>
<testng-results ignored="0" total="4" passed="4" failed="0" skipped="0">
  <reporter-output>
  </reporter-output>
  <suite started-at="2024-01-23T14:50:41 IST" name="PetSuite" finished-at="2024-01-23T14:50:53 IST" duration-ms="12177">
    <groups>
    </groups>
    <test started-at="2024-01-23T14:50:41 IST" name="PetTest" finished-at="2024-01-23T14:50:53 IST" duration-ms="12177">
      <class name="api.test.UserTests2">
        <test-method is-config="true" signature="testData()[pri:0, instance:api.test.UserTests2@6025e1b6]" started-at="2024-01-23T14:50:41 IST" name="testData" finished-at="2024-01-23T14:50:43 IST" duration-ms="1191" status="PASS">
          <reporter-output>
          </reporter-output>
        </test-method> <!-- testData -->
        <test-method signature="testpostUser()[pri:1, instance:api.test.UserTests2@6025e1b6]" started-at="2024-01-23T14:50:43 IST" name="testpostUser" finished-at="2024-01-23T14:50:47 IST" duration-ms="4499" status="PASS">
          <reporter-output>
          </reporter-output>
        </test-method> <!-- testpostUser -->
        <test-method signature="testgetUser()[pri:2, instance:api.test.UserTests2@6025e1b6]" started-at="2024-01-23T14:50:47 IST" name="testgetUser" finished-at="2024-01-23T14:50:49 IST" duration-ms="1565" status="PASS">
          <reporter-output>
          </reporter-output>
        </test-method> <!-- testgetUser -->
        <test-method signature="testupdateUser()[pri:3, instance:api.test.UserTests2@6025e1b6]" started-at="2024-01-23T14:50:49 IST" name="testupdateUser" finished-at="2024-01-23T14:50:52 IST" duration-ms="2991" status="PASS">
          <reporter-output>
          </reporter-output>
        </test-method> <!-- testupdateUser -->
        <test-method signature="testdeleteUser()[pri:4, instance:api.test.UserTests2@6025e1b6]" started-at="2024-01-23T14:50:52 IST" name="testdeleteUser" finished-at="2024-01-23T14:50:53 IST" duration-ms="1540" status="PASS">
          <reporter-output>
          </reporter-output>
        </test-method> <!-- testdeleteUser -->
      </class> <!-- api.test.UserTests2 -->
    </test> <!-- PetTest -->
  </suite> <!-- PetSuite -->
</testng-results>
