<?xml version="1.0" encoding="UTF-8"?>
<testng-results ignored="0" total="4" passed="4" failed="0" skipped="0">
  <reporter-output>
  </reporter-output>
  <suite started-at="2024-01-22T13:21:37 IST" name="PetSuite" finished-at="2024-01-22T13:21:48 IST" duration-ms="11196">
    <groups>
    </groups>
    <test started-at="2024-01-22T13:21:37 IST" name="PetTest" finished-at="2024-01-22T13:21:48 IST" duration-ms="11196">
      <class name="api.test.UserTests2">
        <test-method is-config="true" signature="testData()[pri:0, instance:api.test.UserTests2@7e990ed7]" started-at="2024-01-22T13:21:37 IST" name="testData" finished-at="2024-01-22T13:21:38 IST" duration-ms="1061" status="PASS">
          <reporter-output>
          </reporter-output>
        </test-method> <!-- testData -->
        <test-method signature="testpostUser()[pri:1, instance:api.test.UserTests2@7e990ed7]" started-at="2024-01-22T13:21:38 IST" name="testpostUser" finished-at="2024-01-22T13:21:43 IST" duration-ms="4299" status="PASS">
          <reporter-output>
          </reporter-output>
        </test-method> <!-- testpostUser -->
        <test-method signature="testgetUser()[pri:2, instance:api.test.UserTests2@7e990ed7]" started-at="2024-01-22T13:21:43 IST" name="testgetUser" finished-at="2024-01-22T13:21:44 IST" duration-ms="1377" status="PASS">
          <reporter-output>
          </reporter-output>
        </test-method> <!-- testgetUser -->
        <test-method signature="testupdateUser()[pri:3, instance:api.test.UserTests2@7e990ed7]" started-at="2024-01-22T13:21:44 IST" name="testupdateUser" finished-at="2024-01-22T13:21:47 IST" duration-ms="2721" status="PASS">
          <reporter-output>
          </reporter-output>
        </test-method> <!-- testupdateUser -->
        <test-method signature="testdeleteUser()[pri:4, instance:api.test.UserTests2@7e990ed7]" started-at="2024-01-22T13:21:47 IST" name="testdeleteUser" finished-at="2024-01-22T13:21:48 IST" duration-ms="1283" status="PASS">
          <reporter-output>
          </reporter-output>
        </test-method> <!-- testdeleteUser -->
      </class> <!-- api.test.UserTests2 -->
    </test> <!-- PetTest -->
  </suite> <!-- PetSuite -->
</testng-results>
