<?xml version="1.0" encoding="UTF-8"?>
<!-- Generated by org.testng.reporters.JUnitXMLReporter -->
<testsuite ignored="0" hostname="DESKTOP-1MISJCC" failures="0" tests="4" name="PetTest" time="14.09" errors="0" timestamp="2024-01-23T16:14:52 IST">
  <testcase classname="api.test.UserTests2" name="testpostUser" time="5.946"/>
  <testcase classname="api.test.UserTests2" name="testgetUser" time="1.497"/>
  <testcase classname="api.test.UserTests2" name="testupdateUser" time="2.925"/>
  <testcase classname="api.test.UserTests2" name="testdeleteUser" time="1.498"/>
</testsuite> <!-- PetTest -->
