<?xml version="1.0" encoding="UTF-8"?>
<!-- Generated by org.testng.reporters.JUnitXMLReporter -->
<testsuite ignored="0" hostname="DESKTOP-1MISJCC" failures="0" tests="4" name="PetTest" time="12.433" errors="0" timestamp="2024-01-22T17:20:34 IST">
  <testcase classname="api.test.UserTests2" name="testpostUser" time="5.293"/>
  <testcase classname="api.test.UserTests2" name="testgetUser" time="1.286"/>
  <testcase classname="api.test.UserTests2" name="testupdateUser" time="2.476"/>
  <testcase classname="api.test.UserTests2" name="testdeleteUser" time="1.282"/>
</testsuite> <!-- PetTest -->
