<?xml version="1.0" encoding="UTF-8"?>
<!-- Generated by org.testng.reporters.JUnitXMLReporter -->
<testsuite ignored="0" hostname="DESKTOP-1MISJCC" failures="0" tests="4" name="PetTest" time="11.196" errors="0" timestamp="2024-01-22T13:21:48 IST">
  <testcase classname="api.test.UserTests2" name="testpostUser" time="4.299"/>
  <testcase classname="api.test.UserTests2" name="testgetUser" time="1.377"/>
  <testcase classname="api.test.UserTests2" name="testupdateUser" time="2.721"/>
  <testcase classname="api.test.UserTests2" name="testdeleteUser" time="1.283"/>
</testsuite> <!-- PetTest -->
